<?xml version="1.0" encoding="utf-8"?><testsuites name="pytest tests"><testsuite name="pytest" errors="0" failures="0" skipped="0" tests="27" time="9.185" timestamp="2026-06-12T17:45:55.821575+00:00" hostname="agent-env-10c3cdb1-8dc4-410d-8c9e-a3dc41475226"><testcase classname="backend.tests.backend_test.TestHealth" name="test_health" time="0.155" /><testcase classname="backend.tests.backend_test.TestHealth" name="test_root" time="0.118" /><testcase classname="backend.tests.backend_test.TestHealth" name="test_public_settings" time="0.112" /><testcase classname="backend.tests.backend_test.TestPlans" name="test_list_plans" time="0.117" /><testcase classname="backend.tests.backend_test.TestPlans" name="test_list_plans_by_category" time="0.362" /><testcase classname="backend.tests.backend_test.TestAuth" name="test_admin_login" time="0.323" /><testcase classname="backend.tests.backend_test.TestAuth" name="test_login_invalid" time="0.108" /><testcase classname="backend.tests.backend_test.TestAuth" name="test_me_no_auth" time="0.098" /><testcase classname="backend.tests.backend_test.TestAuth" name="test_me_with_user" time="1.173" /><testcase classname="backend.tests.backend_test.TestAuth" name="test_forgot_password_no_crash" time="0.135" /><testcase classname="backend.tests.backend_test.TestServers" name="test_create_and_list_server" time="0.092" /><testcase classname="backend.tests.backend_test.TestServers" name="test_free_tier_limit" time="0.045" /><testcase classname="backend.tests.backend_test.TestServers" name="test_power_on_and_stats" time="3.269" /><testcase classname="backend.tests.backend_test.TestServers" name="test_console_command" time="0.113" /><testcase classname="backend.tests.backend_test.TestServers" name="test_install_uninstall_plugin" time="0.212" /><testcase classname="backend.tests.backend_test.TestServers" name="test_stop_server" time="0.050" /><testcase classname="backend.tests.backend_test.TestTickets" name="test_create_and_reply_ticket" time="0.197" /><testcase classname="backend.tests.backend_test.TestBilling" name="test_list_invoices_empty" time="0.047" /><testcase classname="backend.tests.backend_test.TestBilling" name="test_checkout_creates_stripe_session" time="0.720" /><testcase classname="backend.tests.backend_test.TestBilling" name="test_checkout_free_plan_rejected" time="0.194" /><testcase classname="backend.tests.backend_test.TestAdmin" name="test_admin_stats" time="0.392" /><testcase classname="backend.tests.backend_test.TestAdmin" name="test_admin_list_users" time="0.059" /><testcase classname="backend.tests.backend_test.TestAdmin" name="test_admin_settings_get_update" time="0.198" /><testcase classname="backend.tests.backend_test.TestAdmin" name="test_admin_plan_crud" time="0.245" /><testcase classname="backend.tests.backend_test.TestAdmin" name="test_admin_tickets_queue" time="0.055" /><testcase classname="backend.tests.backend_test.TestAdmin" name="test_admin_invoices_list" time="0.047" /><testcase classname="backend.tests.backend_test.TestAdmin" name="test_admin_create_staff" time="0.371" /></testsuite></testsuites>